Base path: 'C:/Program Files/Unity/Hub/Editor/2019.3.6f1/Editor/Data', plugins path 'C:/Program Files/Unity/Hub/Editor/2019.3.6f1/Editor/Data/PlaybackEngines'
Cmd: initializeCompiler
Cmd: initializeCompiler
Cmd: preprocessCompute
  insize=12037 outsize=12081 ok=1
Cmd: compileComputeKernel
  api=4 insize=12081 outsize=1558 ok=1
Cmd: compileComputeKernel
  api=4 insize=12081 outsize=1126 ok=1
Cmd: compileComputeKernel
  api=4 insize=12081 outsize=1198 ok=1
Cmd: compileComputeKernel
  api=4 insize=12081 outsize=1863 ok=1
Cmd: compileComputeKernel
  api=4 insize=12081 outsize=1848 ok=1
Cmd: compileComputeKernel
  api=4 insize=12081 outsize=1971 ok=1
Cmd: compileComputeKernel
  api=4 insize=12081 outsize=1579 ok=1
Cmd: compileComputeKernel
  api=4 insize=12081 outsize=2631 ok=1
Cmd: compileComputeKernel
  api=4 insize=12081 outsize=2218 ok=1
Cmd: preprocessCompute
  insize=12060 outsize=12124 ok=1
Cmd: compileComputeKernel
  api=4 insize=12124 outsize=1823 ok=1
Cmd: compileComputeKernel
  api=4 insize=12124 outsize=2259 ok=1
Cmd: compileComputeKernel
  api=4 insize=12124 outsize=1848 ok=1
Cmd: compileComputeKernel
  api=4 insize=12124 outsize=1997 ok=1
Cmd: preprocessCompute
  insize=19739 outsize=19771 ok=1
Cmd: compileComputeKernel
  api=4 insize=19771 outsize=2113 ok=1
Cmd: compileComputeKernel
  api=4 insize=19771 outsize=3156 ok=1
Cmd: compileComputeKernel
  api=4 insize=19771 outsize=5077 ok=1
Cmd: preprocessCompute
  insize=66545 outsize=66851 ok=1
Cmd: compileComputeKernel
  api=4 insize=66851 outsize=2850 ok=1
Cmd: compileComputeKernel
  api=4 insize=66851 outsize=2944 ok=1
Cmd: compileComputeKernel
  api=4 insize=66851 outsize=1634 ok=1
Cmd: compileComputeKernel
  api=4 insize=66851 outsize=1489 ok=1
Cmd: compileComputeKernel
  api=4 insize=66851 outsize=1461 ok=1
Cmd: compileComputeKernel
  api=4 insize=66851 outsize=2077 ok=1
Cmd: compileComputeKernel
  api=4 insize=66851 outsize=1667 ok=1
Cmd: compileComputeKernel
  api=4 insize=66851 outsize=1610 ok=1
Cmd: compileComputeKernel
  api=4 insize=66851 outsize=1287 ok=1
Cmd: compileComputeKernel
  api=4 insize=66851 outsize=1310 ok=1
Cmd: compileComputeKernel
  api=4 insize=66851 outsize=1682 ok=1
Cmd: compileComputeKernel
  api=4 insize=66851 outsize=1321 ok=1
Cmd: compileComputeKernel
  api=4 insize=66851 outsize=1359 ok=1
Cmd: compileComputeKernel
  api=4 insize=66851 outsize=1547 ok=1
Cmd: compileComputeKernel
  api=4 insize=66851 outsize=1284 ok=1
Cmd: compileComputeKernel
  api=4 insize=66851 outsize=1364 ok=1
Cmd: compileComputeKernel
  api=4 insize=66851 outsize=1819 ok=1
Cmd: compileComputeKernel
  api=4 insize=66851 outsize=1819 ok=1
Cmd: compileComputeKernel
  api=4 insize=66851 outsize=1851 ok=1
Cmd: compileComputeKernel
  api=4 insize=66851 outsize=1853 ok=1
Cmd: compileComputeKernel
  api=4 insize=66851 outsize=1998 ok=1
Cmd: compileComputeKernel
  api=4 insize=66851 outsize=1301 ok=1
Cmd: compileComputeKernel
  api=4 insize=66851 outsize=1342 ok=1
Cmd: compileComputeKernel
  api=4 insize=66851 outsize=1590 ok=1
Cmd: compileComputeKernel
  api=4 insize=66851 outsize=1750 ok=1
Cmd: compileComputeKernel
  api=4 insize=66851 outsize=2477 ok=1
Cmd: preprocessCompute
  insize=73577 outsize=73605 ok=1
Cmd: compileComputeKernel
  api=4 insize=73605 outsize=2761 ok=1
Cmd: compileComputeKernel
  api=4 insize=73605 outsize=7893 ok=1
Cmd: preprocessCompute
  insize=33761 outsize=33997 ok=1
Cmd: compileComputeKernel
  api=4 insize=33997 outsize=772 ok=1
Cmd: compileComputeKernel
  api=4 insize=33997 outsize=675 ok=1
Cmd: compileComputeKernel
  api=4 insize=33997 outsize=1157 ok=1
Cmd: compileComputeKernel
  api=4 insize=33997 outsize=950 ok=1
Cmd: compileComputeKernel
  api=4 insize=33997 outsize=796 ok=1
Cmd: compileComputeKernel
  api=4 insize=33997 outsize=1292 ok=1
Cmd: compileComputeKernel
  api=4 insize=33997 outsize=1547 ok=1
Cmd: compileComputeKernel
  api=4 insize=33997 outsize=1346 ok=1
Cmd: compileComputeKernel
  api=4 insize=33997 outsize=1248 ok=1
Cmd: compileComputeKernel
  api=4 insize=33997 outsize=1248 ok=1
Cmd: compileComputeKernel
  api=4 insize=33997 outsize=1284 ok=1
Cmd: compileComputeKernel
  api=4 insize=33997 outsize=1346 ok=1
Cmd: preprocessCompute
  insize=74935 outsize=74993 ok=1
Cmd: compileComputeKernel
  api=4 insize=74993 outsize=2787 ok=1
Cmd: compileComputeKernel
  api=4 insize=74993 outsize=26077 ok=1
Cmd: compileComputeKernel
  api=4 insize=74993 outsize=4149 ok=1
Cmd: compileComputeKernel
  api=4 insize=74993 outsize=4149 ok=1
Cmd: compileComputeKernel
  api=4 insize=74993 outsize=2909 ok=1
Cmd: compileComputeKernel
  api=4 insize=74993 outsize=2909 ok=1
Cmd: compileComputeKernel
  api=4 insize=74993 outsize=3570 ok=1
Cmd: compileComputeKernel
  api=4 insize=74993 outsize=1572 ok=1
Cmd: compileComputeKernel
  api=4 insize=74993 outsize=1969 ok=1
Cmd: compileComputeKernel
  api=4 insize=74993 outsize=1905 ok=1
Cmd: compileComputeKernel
  api=4 insize=74993 outsize=12876 ok=1
Cmd: preprocessCompute
  insize=4418 outsize=4434 ok=1
Cmd: compileComputeKernel
  api=4 insize=4434 outsize=1449 ok=1
Cmd: compileComputeKernel
  api=4 insize=4434 outsize=1750 ok=1
Cmd: preprocessCompute
  insize=1894 outsize=1898 ok=1
Cmd: compileComputeKernel
  api=4 insize=1898 outsize=3122 ok=1
